<?xml version="1.0" encoding="UTF-8"?>
<!-- Generated by org.testng.reporters.JUnitXMLReporter -->
<testsuite hostname="LAPTOP-DD8S79MB" ignored="0" name="Test" tests="6" failures="0" timestamp="24 Oct 2021 05:38:07 GMT" time="1.925" errors="0">
  <testcase name="verifyTitle" time="0.026" classname="com.tests.LoginPageTest"/>
  <testcase name="invalidLoginTest" time="0.645" classname="com.tests.LoginPageTest"/>
  <testcase name="validLoginTest" time="0.893" classname="com.tests.LoginPageTest"/>
  <testcase name="verifyCourses" time="0.075" classname="com.tests.DashboardPageTest"/>
  <testcase name="usersLinkClick" time="0.195" classname="com.tests.DashboardPageTest"/>
  <testcase name="verifyTableRows" time="0.027" classname="com.tests.UsersPageTest"/>
</testsuite> <!-- Test -->
